d:\study\sdf\cppclr_winformsprojekt1\debug\cppclr_winformsprojekt1.pch
d:\study\sdf\cppclr_winformsprojekt1\debug\vc142.pdb
d:\study\sdf\cppclr_winformsprojekt1\debug\pch.obj
d:\study\sdf\cppclr_winformsprojekt1\debug\myform.obj
d:\study\sdf\cppclr_winformsprojekt1\debug\form2.obj
d:\study\sdf\cppclr_winformsprojekt1\debug\form1.obj
d:\study\sdf\cppclr_winformsprojekt1\debug\cppclr_winformsprojekt.obj
d:\study\sdf\cppclr_winformsprojekt1\debug\assemblyinfo.obj
d:\study\sdf\cppclr_winformsprojekt1\debug\.netframework,version=v4.7.2.assemblyattributes.obj
d:\study\sdf\cppclr_winformsprojekt1\debug\cppclr_winformsprojekt1.form1.resources
d:\study\sdf\cppclr_winformsprojekt1\debug\cppclr_winformsprojekt1.myform.resources
d:\study\sdf\cppclr_winformsprojekt1\debug\cppclr_winformsprojekt1.exe
d:\study\sdf\cppclr_winformsprojekt1\debug\cppclr_winformsprojekt1.pdb
d:\study\sdf\cppclr_winformsprojekt1\debug\app.res
d:\study\sdf\cppclr_winformsprojekt1\debug\cppclr_winformsprojekt1.exe.metagen
d:\study\sdf\cppclr_winformsprojekt1\debug\cppclr_w.3829ded8.tlog\cl.command.1.tlog
d:\study\sdf\cppclr_winformsprojekt1\debug\cppclr_w.3829ded8.tlog\cl.read.1.tlog
d:\study\sdf\cppclr_winformsprojekt1\debug\cppclr_w.3829ded8.tlog\cl.write.1.tlog
d:\study\sdf\cppclr_winformsprojekt1\debug\cppclr_w.3829ded8.tlog\cppclr_winformsprojekt1.write.1u.tlog
d:\study\sdf\cppclr_winformsprojekt1\debug\cppclr_w.3829ded8.tlog\link.command.1.tlog
d:\study\sdf\cppclr_winformsprojekt1\debug\cppclr_w.3829ded8.tlog\link.read.1.tlog
d:\study\sdf\cppclr_winformsprojekt1\debug\cppclr_w.3829ded8.tlog\link.write.1.tlog
d:\study\sdf\cppclr_winformsprojekt1\debug\cppclr_w.3829ded8.tlog\metagen.read.1.tlog
d:\study\sdf\cppclr_winformsprojekt1\debug\cppclr_w.3829ded8.tlog\metagen.write.1.tlog
d:\study\sdf\cppclr_winformsprojekt1\debug\cppclr_w.3829ded8.tlog\rc.command.1.tlog
d:\study\sdf\cppclr_winformsprojekt1\debug\cppclr_w.3829ded8.tlog\rc.read.1.tlog
d:\study\sdf\cppclr_winformsprojekt1\debug\cppclr_w.3829ded8.tlog\rc.write.1.tlog
