d:\study\sdf\cs1023-sdf-project-team-4\cppclr_winformsprojekt1\x64\debug\cppclr_winformsprojekt1.pch
d:\study\sdf\cs1023-sdf-project-team-4\cppclr_winformsprojekt1\x64\debug\vc142.pdb
d:\study\sdf\cs1023-sdf-project-team-4\cppclr_winformsprojekt1\x64\debug\pch.obj
d:\study\sdf\cs1023-sdf-project-team-4\cppclr_winformsprojekt1\x64\debug\form2.obj
d:\study\sdf\cs1023-sdf-project-team-4\cppclr_winformsprojekt1\x64\debug\form1.obj
d:\study\sdf\cs1023-sdf-project-team-4\cppclr_winformsprojekt1\x64\debug\cppclr_winformsprojekt.obj
d:\study\sdf\cs1023-sdf-project-team-4\cppclr_winformsprojekt1\x64\debug\assemblyinfo.obj
d:\study\sdf\cs1023-sdf-project-team-4\cppclr_winformsprojekt1\x64\debug\.netframework,version=v4.7.2.assemblyattributes.obj
d:\study\sdf\cs1023-sdf-project-team-4\cppclr_winformsprojekt1\x64\debug\mysql.data.dll
d:\study\sdf\cs1023-sdf-project-team-4\cppclr_winformsprojekt1\x64\debug\google.protobuf.dll
d:\study\sdf\cs1023-sdf-project-team-4\cppclr_winformsprojekt1\x64\debug\zstandard.net.dll
d:\study\sdf\cs1023-sdf-project-team-4\cppclr_winformsprojekt1\x64\debug\k4os.compression.lz4.streams.dll
d:\study\sdf\cs1023-sdf-project-team-4\cppclr_winformsprojekt1\x64\debug\bouncycastle.crypto.dll
d:\study\sdf\cs1023-sdf-project-team-4\cppclr_winformsprojekt1\x64\debug\ubiety.dns.core.dll
d:\study\sdf\cs1023-sdf-project-team-4\cppclr_winformsprojekt1\x64\debug\renci.sshnet.dll
d:\study\sdf\cs1023-sdf-project-team-4\cppclr_winformsprojekt1\x64\debug\system.memory.dll
d:\study\sdf\cs1023-sdf-project-team-4\cppclr_winformsprojekt1\x64\debug\system.buffers.dll
d:\study\sdf\cs1023-sdf-project-team-4\cppclr_winformsprojekt1\x64\debug\k4os.compression.lz4.dll
d:\study\sdf\cs1023-sdf-project-team-4\cppclr_winformsprojekt1\x64\debug\k4os.hash.xxhash.dll
d:\study\sdf\cs1023-sdf-project-team-4\cppclr_winformsprojekt1\x64\debug\system.numerics.vectors.dll
d:\study\sdf\cs1023-sdf-project-team-4\cppclr_winformsprojekt1\x64\debug\system.runtime.compilerservices.unsafe.dll
d:\study\sdf\cs1023-sdf-project-team-4\cppclr_winformsprojekt1\x64\debug\mysql.data.xml
d:\study\sdf\cs1023-sdf-project-team-4\cppclr_winformsprojekt1\x64\debug\cppclr_winformsprojekt1.form1.resources
d:\study\sdf\cs1023-sdf-project-team-4\cppclr_winformsprojekt1\x64\debug\cppclr_winformsprojekt1.form2.resources
d:\study\sdf\cs1023-sdf-project-team-4\cppclr_winformsprojekt1\x64\debug\cppclr_winformsprojekt1.exe
d:\study\sdf\cs1023-sdf-project-team-4\cppclr_winformsprojekt1\x64\debug\cppclr_winformsprojekt1.pdb
d:\study\sdf\cs1023-sdf-project-team-4\cppclr_winformsprojekt1\x64\debug\cppclr_w.eb3e5742.tlog\metagen.write.1.tlog
d:\study\sdf\cs1023-sdf-project-team-4\cppclr_winformsprojekt1\x64\debug\app.res
c:\users\sumit\desktop\software development fundamentals\git_versions\cs1023-sdf-project-team-4\cppclr_winformsprojekt1\x64\debug\cppclr_winformsprojekt1.vcxproj.generateresource.cache
c:\users\sumit\desktop\software development fundamentals\git_versions\cs1023-sdf-project-team-4\cppclr_winformsprojekt1\x64\debug\cppclr_winformsprojekt1.vcxprojassemblyreference.cache
c:\users\sumit\desktop\software development fundamentals\git_versions\cs1023-sdf-project-team-4\cppclr_winformsprojekt1\x64\debug\.netframework,version=v4.7.2.assemblyattributes.obj
c:\users\sumit\desktop\software development fundamentals\git_versions\cs1023-sdf-project-team-4\cppclr_winformsprojekt1\x64\debug\assemblyinfo.obj
c:\users\sumit\desktop\software development fundamentals\git_versions\cs1023-sdf-project-team-4\cppclr_winformsprojekt1\x64\debug\cppclr_winformsprojekt.obj
c:\users\sumit\desktop\software development fundamentals\git_versions\cs1023-sdf-project-team-4\cppclr_winformsprojekt1\x64\debug\form1.obj
c:\users\sumit\desktop\software development fundamentals\git_versions\cs1023-sdf-project-team-4\cppclr_winformsprojekt1\x64\debug\form2.obj
c:\users\sumit\desktop\software development fundamentals\git_versions\cs1023-sdf-project-team-4\cppclr_winformsprojekt1\x64\debug\pch.obj
c:\users\sumit\desktop\software development fundamentals\git_versions\cs1023-sdf-project-team-4\cppclr_winformsprojekt1\x64\debug\cppclr_winformsprojekt1.form1.resources
c:\users\sumit\desktop\software development fundamentals\git_versions\cs1023-sdf-project-team-4\cppclr_winformsprojekt1\x64\debug\cppclr_winformsprojekt1.form2.resources
c:\users\sumit\desktop\software development fundamentals\git_versions\cs1023-sdf-project-team-4\cppclr_winformsprojekt1\x64\debug\app.res
c:\users\sumit\desktop\software development fundamentals\git_versions\cs1023-sdf-project-team-4\cppclr_winformsprojekt1\x64\debug\cppclr_winformsprojekt1.pch
c:\users\sumit\desktop\software development fundamentals\git_versions\cs1023-sdf-project-team-4\cppclr_winformsprojekt1\x64\debug\cppclr_winformsprojekt1.pdb
c:\users\sumit\desktop\software development fundamentals\git_versions\cs1023-sdf-project-team-4\cppclr_winformsprojekt1\x64\debug\vc142.pdb
c:\users\sumit\desktop\software development fundamentals\git_versions\cs1023-sdf-project-team-4\cppclr_winformsprojekt1\x64\debug\mysql.data.xml
c:\users\sumit\desktop\software development fundamentals\git_versions\cs1023-sdf-project-team-4\cppclr_winformsprojekt1\x64\debug\cppclr_winformsprojekt1.exe.metagen
c:\users\sumit\desktop\software development fundamentals\git_versions\cs1023-sdf-project-team-4\cppclr_winformsprojekt1\x64\debug\cppclr_winformsprojekt1.exe
c:\users\sumit\desktop\software development fundamentals\git_versions\cs1023-sdf-project-team-4\cppclr_winformsprojekt1\x64\debug\cppclr_w.eb3e5742.tlog\cl.command.1.tlog
c:\users\sumit\desktop\software development fundamentals\git_versions\cs1023-sdf-project-team-4\cppclr_winformsprojekt1\x64\debug\cppclr_w.eb3e5742.tlog\cl.read.1.tlog
c:\users\sumit\desktop\software development fundamentals\git_versions\cs1023-sdf-project-team-4\cppclr_winformsprojekt1\x64\debug\cppclr_w.eb3e5742.tlog\cl.write.1.tlog
c:\users\sumit\desktop\software development fundamentals\git_versions\cs1023-sdf-project-team-4\cppclr_winformsprojekt1\x64\debug\cppclr_w.eb3e5742.tlog\copylocal.read.1u.tlog
c:\users\sumit\desktop\software development fundamentals\git_versions\cs1023-sdf-project-team-4\cppclr_winformsprojekt1\x64\debug\cppclr_w.eb3e5742.tlog\copylocal.write.1u.tlog
c:\users\sumit\desktop\software development fundamentals\git_versions\cs1023-sdf-project-team-4\cppclr_winformsprojekt1\x64\debug\cppclr_w.eb3e5742.tlog\cppclr_winformsprojekt1.write.1u.tlog
c:\users\sumit\desktop\software development fundamentals\git_versions\cs1023-sdf-project-team-4\cppclr_winformsprojekt1\x64\debug\cppclr_w.eb3e5742.tlog\link.command.1.tlog
c:\users\sumit\desktop\software development fundamentals\git_versions\cs1023-sdf-project-team-4\cppclr_winformsprojekt1\x64\debug\cppclr_w.eb3e5742.tlog\link.read.1.tlog
c:\users\sumit\desktop\software development fundamentals\git_versions\cs1023-sdf-project-team-4\cppclr_winformsprojekt1\x64\debug\cppclr_w.eb3e5742.tlog\link.write.1.tlog
c:\users\sumit\desktop\software development fundamentals\git_versions\cs1023-sdf-project-team-4\cppclr_winformsprojekt1\x64\debug\cppclr_w.eb3e5742.tlog\metagen.read.1.tlog
c:\users\sumit\desktop\software development fundamentals\git_versions\cs1023-sdf-project-team-4\cppclr_winformsprojekt1\x64\debug\cppclr_w.eb3e5742.tlog\metagen.write.1.tlog
c:\users\sumit\desktop\software development fundamentals\git_versions\cs1023-sdf-project-team-4\cppclr_winformsprojekt1\x64\debug\cppclr_w.eb3e5742.tlog\rc.command.1.tlog
c:\users\sumit\desktop\software development fundamentals\git_versions\cs1023-sdf-project-team-4\cppclr_winformsprojekt1\x64\debug\cppclr_w.eb3e5742.tlog\rc.read.1.tlog
c:\users\sumit\desktop\software development fundamentals\git_versions\cs1023-sdf-project-team-4\cppclr_winformsprojekt1\x64\debug\cppclr_w.eb3e5742.tlog\rc.write.1.tlog
c:\users\sumit\desktop\software development fundamentals\git_versions\cs1023-sdf-project-team-4\cppclr_winformsprojekt1\x64\debug\cppclr_w.eb3e5742.tlog\mysql.data.dll.metagen
